This mapping 'stable_39' was designed for MC 1.12! Use at your own peril.This mapping 'stable_39' was designed for MC 1.12! Use at your own peril.

:deobfCompileDummyTask
:extractMcpMappings SKIPPED
:deobfProvidedDeobfDepTask0 SKIPPED
:deobfProvidedRemapDepSourcesTask1 SKIPPED
:deobfProvidedDummyTask
:sourceApiJava UP-TO-DATE
:compileApiJava UP-TO-DATE
:processApiResources UP-TO-DATE
:apiClasses UP-TO-DATE
:generateMetadata
:sourceMainJava UP-TO-DATE
:compileJavaNote: Reading extra plugin metadata from C:\Development\PokedexRewards\build\tmp\generateMetadata\mcmod.info
C:\Development\PokedexRewards\build\sources\main\java\com\xpgaming\PokedexRewards\Main.java:27: warning: Missing plugin description
@Plugin(id = Main.id, name = Main.name, version = "0.8.1", dependencies = {@Dependency(id = "pixelmon")})
^
Note: Writing plugin metadata to C:\Development\PokedexRewards\build\tmp\generateMetadata\mcmod.info
Note: C:\Development\PokedexRewards\build\sources\main\java\com\xpgaming\PokedexRewards\Utils.java uses or overrides a deprecated API.
Note: Recompile with -Xlint:deprecation for details.
1 warning

:processResources
:classes
:jar
:sourceTestJava UP-TO-DATE
:compileTestJava UP-TO-DATE
:processTestResources UP-TO-DATE
:testClasses UP-TO-DATE
:test UP-TO-DATE
:extractMcpData SKIPPED
:getVersionJson
:extractUserdev UP-TO-DATE
:genSrgs SKIPPED
:reobfJar
:extractAnnotationsJar
:extractRangemapReplacedMain
C:\Development\PokedexRewards\build\sources\main\java
:retromapReplacedMain UP-TO-DATE
:sourceJar
:assemble
:check UP-TO-DATE
:build

BUILD SUCCESSFUL

Total time: 6.887 secs
